<?xml version="1.0" encoding="UTF-8"?>
<!-- Generated by org.testng.reporters.JUnitReportReporter -->
<testsuite hostname="Mohini" name="TestCases.API_Test" tests="1" failures="0" timestamp="28 Jun 2020 14:33:31 GMT" time="3.518" errors="0">
  <testcase name="GetWeatherDetails" time="3.518" classname="TestCases.API_Test"/>
</testsuite> <!-- TestCases.API_Test -->
