<?xml version="1.0" encoding="UTF-8"?>
<!-- Generated by org.testng.reporters.JUnitReportReporter -->
<testsuite hostname="Mohini" name="TestCases.NDTV_Weather_Test" tests="1" failures="0" timestamp="28 Jun 2020 10:58:08 GMT" time="180.927" errors="0">
  <testcase name="gotoNDTVHomePage" time="180.927" classname="TestCases.NDTV_Weather_Test"/>
</testsuite> <!-- TestCases.NDTV_Weather_Test -->
